<?xml version="1.0" encoding="UTF-8"?>
<!-- Generated by org.testng.reporters.JUnitXMLReporter -->
<testsuite ignored="9" hostname="DESKTOP-P5IVB9J" failures="0" tests="2" name="Default test" time="1.794" errors="0" timestamp="2025-04-20T16:59:25 EET">
  <testcase classname="Training" name="Login" time="0.293"/>
  <testcase classname="Training" name="PrintLableNotEndWithT" time="0.12"/>
  <testcase classname="Training" name="RemoveAllItems" time="0.0">
    <ignored/>
  </testcase> <!-- RemoveAllItems -->
  <testcase classname="Training" name="printnamedontstartS" time="0.0">
    <ignored/>
  </testcase> <!-- printnamedontstartS -->
  <testcase classname="Training" name="AddAllItems" time="0.0">
    <ignored/>
  </testcase> <!-- AddAllItems -->
  <testcase classname="Training" name="CompareBtweenString" time="0.0">
    <ignored/>
  </testcase> <!-- CompareBtweenString -->
  <testcase classname="Training" name="PrintEvenItems" time="0.0">
    <ignored/>
  </testcase> <!-- PrintEvenItems -->
  <testcase classname="Training" name="PrintItemsLabled" time="0.0">
    <ignored/>
  </testcase> <!-- PrintItemsLabled -->
  <testcase classname="Training" name="RemoveOneItem" time="0.0">
    <ignored/>
  </testcase> <!-- RemoveOneItem -->
  <testcase classname="Training" name="AddOneItem" time="0.0">
    <ignored/>
  </testcase> <!-- AddOneItem -->
  <testcase classname="Training" name="LogOut" time="0.0">
    <ignored/>
  </testcase> <!-- LogOut -->
</testsuite> <!-- Default test -->
