<?xml version="1.0" encoding="UTF-8"?>
<testng-results ignored="9" total="11" passed="2" failed="0" skipped="0">
  <reporter-output>
  </reporter-output>
  <suite started-at="2025-04-20T16:59:23 EET" name="Default suite" finished-at="2025-04-20T16:59:25 EET" duration-ms="1794">
    <groups>
    </groups>
    <test started-at="2025-04-20T16:59:23 EET" name="Default test" finished-at="2025-04-20T16:59:25 EET" duration-ms="1794">
      <class name="Training">
        <test-method is-config="true" signature="MySetup()[pri:0, instance:Training@3e821657]" started-at="2025-04-20T16:59:23 EET" name="MySetup" finished-at="2025-04-20T16:59:24 EET" duration-ms="1320" status="PASS">
          <reporter-output>
          </reporter-output>
        </test-method> <!-- MySetup -->
        <test-method signature="Login()[pri:1, instance:Training@3e821657]" started-at="2025-04-20T16:59:24 EET" name="Login" finished-at="2025-04-20T16:59:25 EET" duration-ms="293" status="PASS">
          <reporter-output>
          </reporter-output>
        </test-method> <!-- Login -->
        <test-method signature="PrintLableNotEndWithT()[pri:11, instance:Training@3e821657]" started-at="2025-04-20T16:59:25 EET" name="PrintLableNotEndWithT" finished-at="2025-04-20T16:59:25 EET" duration-ms="120" status="PASS">
          <reporter-output>
          </reporter-output>
        </test-method> <!-- PrintLableNotEndWithT -->
        <test-method is-config="true" signature="myAfterTest()[pri:0, instance:Training@3e821657]" started-at="2025-04-20T16:59:25 EET" name="myAfterTest" finished-at="2025-04-20T16:59:25 EET" duration-ms="1" status="PASS">
          <reporter-output>
          </reporter-output>
        </test-method> <!-- myAfterTest -->
      </class> <!-- Training -->
    </test> <!-- Default test -->
  </suite> <!-- Default suite -->
</testng-results>
